<?xml version="1.0" encoding="UTF-8"?>
<!-- Generated by org.testng.reporters.JUnitXMLReporter -->
<testsuite hostname="SUDARSHAN" name="Command line test b782c594-f77f-4808-bbee-9f848b705ec7" tests="2" failures="0" timestamp="30 Sep 2015 23:30:58 GMT" time="0.017" errors="0">
  <testcase name="dummyTest" time="0.0" classname="com.demo.testng.CustomTestNG"/>
  <testcase name="dummyTest" time="0.0" classname="com.demo.testng.CustomTestNG"/>
</testsuite> <!-- Command line test b782c594-f77f-4808-bbee-9f848b705ec7 -->
