<?xml version="1.0" encoding="UTF-8"?>
<!-- Generated by org.testng.reporters.JUnitXMLReporter -->
<testsuite hostname="SUDARSHAN" name="Test_Chrome" tests="5" failures="1" timestamp="1 Oct 2015 01:27:16 GMT" time="0.019" errors="0">
  <testcase name="dummyTest" time="0.001" classname="com.demo.testng.CustomTestNG">
    <failure type="java.lang.NullPointerException">
      <![CDATA[java.lang.NullPointerException
	at com.demo.testng.CustomTestNG.dummyTest(CustomTestNG.java:41)
	at java.util.concurrent.ThreadPoolExecutor.runWorker(ThreadPoolExecutor.java:1145)
	at java.util.concurrent.ThreadPoolExecutor$Worker.run(ThreadPoolExecutor.java:615)
	at java.lang.Thread.run(Thread.java:744)
... Removed 18 stack frames]]>
    </failure>
  </testcase> <!-- dummyTest -->
  <testcase name="dummyTest" time="0.0" classname="com.demo.testng.CustomTestNG"/>
  <testcase name="dummyTest" time="0.0" classname="com.demo.testng.CustomTestNG"/>
  <testcase name="dummyTest" time="0.001" classname="com.demo.testng.CustomTestNG"/>
  <testcase name="dummyTest" time="0.001" classname="com.demo.testng.CustomTestNG"/>
</testsuite> <!-- Test_Chrome -->
