<?xml version="1.0" encoding="UTF-8"?>
<!-- Generated by org.testng.reporters.JUnitXMLReporter -->
<testsuite hostname="SUDARSHAN" name="Command line test 391354cf-5a80-4565-bef5-c3751b81662f" tests="3" failures="0" timestamp="30 Sep 2015 23:22:10 GMT" time="0.02" errors="0">
  <testcase name="dummyTest" time="0.001" classname="com.demo.testng.CustomTestNG"/>
  <testcase name="dummyTest" time="0.001" classname="com.demo.testng.CustomTestNG"/>
  <testcase name="dummyTest" time="0.001" classname="com.demo.testng.CustomTestNG"/>
</testsuite> <!-- Command line test 391354cf-5a80-4565-bef5-c3751b81662f -->
