<?xml version="1.0" encoding="UTF-8"?>
<!-- Generated by org.testng.reporters.JUnitXMLReporter -->
<testsuite hostname="SUDARSHAN" name="Command line test 1048b055-35be-4bd6-ae84-102383a207d2" tests="2" failures="0" timestamp="30 Sep 2015 23:30:58 GMT" time="0.019" errors="0">
  <testcase name="dummyTest" time="0.0" classname="com.demo.testng.CustomTestNG"/>
  <testcase name="dummyTest" time="0.0" classname="com.demo.testng.CustomTestNG"/>
</testsuite> <!-- Command line test 1048b055-35be-4bd6-ae84-102383a207d2 -->
