<?xml version="1.0" encoding="UTF-8"?>
<testng-results skipped="0" failed="3" total="15" passed="12">
  <reporter-output>
  </reporter-output>
  <suite name="Suite_Firefox" duration-ms="16" started-at="2015-10-01T01:27:16Z" finished-at="2015-10-01T01:27:16Z">
    <groups>
    </groups>
    <test name="Test_Firefox" duration-ms="16" started-at="2015-10-01T01:27:16Z" finished-at="2015-10-01T01:27:16Z">
      <class name="com.demo.testng.CustomTestNG">
        <test-method status="PASS" signature="init()[pri:0, instance:com.demo.testng.CustomTestNG@303c96a9]" name="init" is-config="true" duration-ms="5" started-at="2015-09-30T18:27:16Z" finished-at="2015-09-30T18:27:16Z">
          <reporter-output>
          </reporter-output>
        </test-method> <!-- init -->
        <test-method status="PASS" signature="dummyTest()[pri:0, instance:com.demo.testng.CustomTestNG@1ea03c20]" name="dummyTest" duration-ms="1" started-at="2015-09-30T18:27:16Z" finished-at="2015-09-30T18:27:16Z">
          <reporter-output>
          </reporter-output>
        </test-method> <!-- dummyTest -->
        <test-method status="PASS" signature="init()[pri:0, instance:com.demo.testng.CustomTestNG@303c96a9]" name="init" is-config="true" duration-ms="0" started-at="2015-09-30T18:27:16Z" finished-at="2015-09-30T18:27:16Z">
          <reporter-output>
          </reporter-output>
        </test-method> <!-- init -->
        <test-method status="PASS" signature="deinit()[pri:0, instance:com.demo.testng.CustomTestNG@303c96a9]" name="deinit" is-config="true" duration-ms="0" started-at="2015-09-30T18:27:16Z" finished-at="2015-09-30T18:27:16Z">
          <reporter-output>
          </reporter-output>
        </test-method> <!-- deinit -->
        <test-method status="PASS" signature="deinit()[pri:0, instance:com.demo.testng.CustomTestNG@303c96a9]" name="deinit" is-config="true" duration-ms="0" started-at="2015-09-30T18:27:16Z" finished-at="2015-09-30T18:27:16Z">
          <reporter-output>
          </reporter-output>
        </test-method> <!-- deinit -->
        <test-method status="PASS" signature="init()[pri:0, instance:com.demo.testng.CustomTestNG@303c96a9]" name="init" is-config="true" duration-ms="0" started-at="2015-09-30T18:27:16Z" finished-at="2015-09-30T18:27:16Z">
          <reporter-output>
          </reporter-output>
        </test-method> <!-- init -->
        <test-method status="PASS" signature="dummyTest()[pri:0, instance:com.demo.testng.CustomTestNG@29cb6895]" name="dummyTest" duration-ms="0" started-at="2015-09-30T18:27:16Z" finished-at="2015-09-30T18:27:16Z">
          <reporter-output>
          </reporter-output>
        </test-method> <!-- dummyTest -->
        <test-method status="PASS" signature="deinit()[pri:0, instance:com.demo.testng.CustomTestNG@303c96a9]" name="deinit" is-config="true" duration-ms="0" started-at="2015-09-30T18:27:16Z" finished-at="2015-09-30T18:27:16Z">
          <reporter-output>
          </reporter-output>
        </test-method> <!-- deinit -->
        <test-method status="PASS" signature="init()[pri:0, instance:com.demo.testng.CustomTestNG@303c96a9]" name="init" is-config="true" duration-ms="0" started-at="2015-09-30T18:27:16Z" finished-at="2015-09-30T18:27:16Z">
          <reporter-output>
          </reporter-output>
        </test-method> <!-- init -->
        <test-method status="PASS" signature="dummyTest()[pri:0, instance:com.demo.testng.CustomTestNG@2cca7081]" name="dummyTest" duration-ms="0" started-at="2015-09-30T18:27:16Z" finished-at="2015-09-30T18:27:16Z">
          <reporter-output>
          </reporter-output>
        </test-method> <!-- dummyTest -->
        <test-method status="PASS" signature="init()[pri:0, instance:com.demo.testng.CustomTestNG@303c96a9]" name="init" is-config="true" duration-ms="0" started-at="2015-09-30T18:27:16Z" finished-at="2015-09-30T18:27:16Z">
          <reporter-output>
          </reporter-output>
        </test-method> <!-- init -->
        <test-method status="PASS" signature="deinit()[pri:0, instance:com.demo.testng.CustomTestNG@303c96a9]" name="deinit" is-config="true" duration-ms="0" started-at="2015-09-30T18:27:16Z" finished-at="2015-09-30T18:27:16Z">
          <reporter-output>
          </reporter-output>
        </test-method> <!-- deinit -->
        <test-method status="FAIL" signature="dummyTest()[pri:0, instance:com.demo.testng.CustomTestNG@303c96a9]" name="dummyTest" duration-ms="0" started-at="2015-09-30T18:27:16Z" finished-at="2015-09-30T18:27:16Z">
          <exception class="java.lang.NullPointerException">
            <full-stacktrace>
              <![CDATA[java.lang.NullPointerException
	at com.demo.testng.CustomTestNG.dummyTest(CustomTestNG.java:41)
	at sun.reflect.NativeMethodAccessorImpl.invoke0(Native Method)
	at sun.reflect.NativeMethodAccessorImpl.invoke(NativeMethodAccessorImpl.java:57)
	at sun.reflect.DelegatingMethodAccessorImpl.invoke(DelegatingMethodAccessorImpl.java:43)
	at java.lang.reflect.Method.invoke(Method.java:606)
	at org.testng.internal.MethodInvocationHelper.invokeMethod(MethodInvocationHelper.java:84)
	at org.testng.internal.Invoker.invokeMethod(Invoker.java:714)
	at org.testng.internal.Invoker.invokeTestMethod(Invoker.java:901)
	at org.testng.internal.Invoker.invokeTestMethods(Invoker.java:1231)
	at org.testng.internal.TestMethodWorker.invokeTestMethods(TestMethodWorker.java:127)
	at org.testng.internal.TestMethodWorker.run(TestMethodWorker.java:111)
	at org.testng.TestRunner.privateRun(TestRunner.java:767)
	at org.testng.TestRunner.run(TestRunner.java:617)
	at org.testng.SuiteRunner.runTest(SuiteRunner.java:348)
	at org.testng.SuiteRunner.runSequentially(SuiteRunner.java:343)
	at org.testng.SuiteRunner.privateRun(SuiteRunner.java:305)
	at org.testng.SuiteRunner.run(SuiteRunner.java:254)
	at org.testng.SuiteRunnerWorker.runSuite(SuiteRunnerWorker.java:52)
	at org.testng.SuiteRunnerWorker.run(SuiteRunnerWorker.java:86)
	at java.util.concurrent.ThreadPoolExecutor.runWorker(ThreadPoolExecutor.java:1145)
	at java.util.concurrent.ThreadPoolExecutor$Worker.run(ThreadPoolExecutor.java:615)
	at java.lang.Thread.run(Thread.java:744)
]]>
            </full-stacktrace>
          </exception> <!-- java.lang.NullPointerException -->
          <reporter-output>
          </reporter-output>
        </test-method> <!-- dummyTest -->
        <test-method status="PASS" signature="dummyTest()[pri:0, instance:com.demo.testng.CustomTestNG@693f23a2]" name="dummyTest" duration-ms="0" started-at="2015-09-30T18:27:16Z" finished-at="2015-09-30T18:27:16Z">
          <reporter-output>
          </reporter-output>
        </test-method> <!-- dummyTest -->
        <test-method status="PASS" signature="deinit()[pri:0, instance:com.demo.testng.CustomTestNG@303c96a9]" name="deinit" is-config="true" duration-ms="0" started-at="2015-09-30T18:27:16Z" finished-at="2015-09-30T18:27:16Z">
          <reporter-output>
          </reporter-output>
        </test-method> <!-- deinit -->
      </class> <!-- com.demo.testng.CustomTestNG -->
    </test> <!-- Test_Firefox -->
  </suite> <!-- Suite_Firefox -->
  <suite name="Suite_Chrome" duration-ms="19" started-at="2015-10-01T01:27:16Z" finished-at="2015-10-01T01:27:16Z">
    <groups>
    </groups>
    <test name="Test_Chrome" duration-ms="19" started-at="2015-10-01T01:27:16Z" finished-at="2015-10-01T01:27:16Z">
      <class name="com.demo.testng.CustomTestNG">
        <test-method status="PASS" signature="init()[pri:0, instance:com.demo.testng.CustomTestNG@1b159209]" name="init" is-config="true" duration-ms="5" started-at="2015-09-30T18:27:16Z" finished-at="2015-09-30T18:27:16Z">
          <reporter-output>
          </reporter-output>
        </test-method> <!-- init -->
        <test-method status="FAIL" signature="dummyTest()[pri:0, instance:com.demo.testng.CustomTestNG@1b159209]" name="dummyTest" duration-ms="1" started-at="2015-09-30T18:27:16Z" finished-at="2015-09-30T18:27:16Z">
          <exception class="java.lang.NullPointerException">
            <full-stacktrace>
              <![CDATA[java.lang.NullPointerException
	at com.demo.testng.CustomTestNG.dummyTest(CustomTestNG.java:41)
	at sun.reflect.NativeMethodAccessorImpl.invoke0(Native Method)
	at sun.reflect.NativeMethodAccessorImpl.invoke(NativeMethodAccessorImpl.java:57)
	at sun.reflect.DelegatingMethodAccessorImpl.invoke(DelegatingMethodAccessorImpl.java:43)
	at java.lang.reflect.Method.invoke(Method.java:606)
	at org.testng.internal.MethodInvocationHelper.invokeMethod(MethodInvocationHelper.java:84)
	at org.testng.internal.Invoker.invokeMethod(Invoker.java:714)
	at org.testng.internal.Invoker.invokeTestMethod(Invoker.java:901)
	at org.testng.internal.Invoker.invokeTestMethods(Invoker.java:1231)
	at org.testng.internal.TestMethodWorker.invokeTestMethods(TestMethodWorker.java:127)
	at org.testng.internal.TestMethodWorker.run(TestMethodWorker.java:111)
	at org.testng.TestRunner.privateRun(TestRunner.java:767)
	at org.testng.TestRunner.run(TestRunner.java:617)
	at org.testng.SuiteRunner.runTest(SuiteRunner.java:348)
	at org.testng.SuiteRunner.runSequentially(SuiteRunner.java:343)
	at org.testng.SuiteRunner.privateRun(SuiteRunner.java:305)
	at org.testng.SuiteRunner.run(SuiteRunner.java:254)
	at org.testng.SuiteRunnerWorker.runSuite(SuiteRunnerWorker.java:52)
	at org.testng.SuiteRunnerWorker.run(SuiteRunnerWorker.java:86)
	at java.util.concurrent.ThreadPoolExecutor.runWorker(ThreadPoolExecutor.java:1145)
	at java.util.concurrent.ThreadPoolExecutor$Worker.run(ThreadPoolExecutor.java:615)
	at java.lang.Thread.run(Thread.java:744)
]]>
            </full-stacktrace>
          </exception> <!-- java.lang.NullPointerException -->
          <reporter-output>
          </reporter-output>
        </test-method> <!-- dummyTest -->
        <test-method status="PASS" signature="init()[pri:0, instance:com.demo.testng.CustomTestNG@1b159209]" name="init" is-config="true" duration-ms="1" started-at="2015-09-30T18:27:16Z" finished-at="2015-09-30T18:27:16Z">
          <reporter-output>
          </reporter-output>
        </test-method> <!-- init -->
        <test-method status="PASS" signature="deinit()[pri:0, instance:com.demo.testng.CustomTestNG@1b159209]" name="deinit" is-config="true" duration-ms="0" started-at="2015-09-30T18:27:16Z" finished-at="2015-09-30T18:27:16Z">
          <reporter-output>
          </reporter-output>
        </test-method> <!-- deinit -->
        <test-method status="PASS" signature="dummyTest()[pri:0, instance:com.demo.testng.CustomTestNG@487cc5c2]" name="dummyTest" duration-ms="0" started-at="2015-09-30T18:27:16Z" finished-at="2015-09-30T18:27:16Z">
          <reporter-output>
          </reporter-output>
        </test-method> <!-- dummyTest -->
        <test-method status="PASS" signature="deinit()[pri:0, instance:com.demo.testng.CustomTestNG@1b159209]" name="deinit" is-config="true" duration-ms="0" started-at="2015-09-30T18:27:16Z" finished-at="2015-09-30T18:27:16Z">
          <reporter-output>
          </reporter-output>
        </test-method> <!-- deinit -->
        <test-method status="PASS" signature="init()[pri:0, instance:com.demo.testng.CustomTestNG@1b159209]" name="init" is-config="true" duration-ms="0" started-at="2015-09-30T18:27:16Z" finished-at="2015-09-30T18:27:16Z">
          <reporter-output>
          </reporter-output>
        </test-method> <!-- init -->
        <test-method status="PASS" signature="deinit()[pri:0, instance:com.demo.testng.CustomTestNG@1b159209]" name="deinit" is-config="true" duration-ms="1" started-at="2015-09-30T18:27:16Z" finished-at="2015-09-30T18:27:16Z">
          <reporter-output>
          </reporter-output>
        </test-method> <!-- deinit -->
        <test-method status="PASS" signature="dummyTest()[pri:0, instance:com.demo.testng.CustomTestNG@779b68bb]" name="dummyTest" duration-ms="0" started-at="2015-09-30T18:27:16Z" finished-at="2015-09-30T18:27:16Z">
          <reporter-output>
          </reporter-output>
        </test-method> <!-- dummyTest -->
        <test-method status="PASS" signature="init()[pri:0, instance:com.demo.testng.CustomTestNG@1b159209]" name="init" is-config="true" duration-ms="0" started-at="2015-09-30T18:27:16Z" finished-at="2015-09-30T18:27:16Z">
          <reporter-output>
          </reporter-output>
        </test-method> <!-- init -->
        <test-method status="PASS" signature="dummyTest()[pri:0, instance:com.demo.testng.CustomTestNG@7ab9fcb0]" name="dummyTest" duration-ms="1" started-at="2015-09-30T18:27:16Z" finished-at="2015-09-30T18:27:16Z">
          <reporter-output>
          </reporter-output>
        </test-method> <!-- dummyTest -->
        <test-method status="PASS" signature="deinit()[pri:0, instance:com.demo.testng.CustomTestNG@1b159209]" name="deinit" is-config="true" duration-ms="0" started-at="2015-09-30T18:27:16Z" finished-at="2015-09-30T18:27:16Z">
          <reporter-output>
          </reporter-output>
        </test-method> <!-- deinit -->
        <test-method status="PASS" signature="init()[pri:0, instance:com.demo.testng.CustomTestNG@1b159209]" name="init" is-config="true" duration-ms="0" started-at="2015-09-30T18:27:16Z" finished-at="2015-09-30T18:27:16Z">
          <reporter-output>
          </reporter-output>
        </test-method> <!-- init -->
        <test-method status="PASS" signature="dummyTest()[pri:0, instance:com.demo.testng.CustomTestNG@7bf90a55]" name="dummyTest" duration-ms="1" started-at="2015-09-30T18:27:16Z" finished-at="2015-09-30T18:27:16Z">
          <reporter-output>
          </reporter-output>
        </test-method> <!-- dummyTest -->
        <test-method status="PASS" signature="deinit()[pri:0, instance:com.demo.testng.CustomTestNG@1b159209]" name="deinit" is-config="true" duration-ms="0" started-at="2015-09-30T18:27:16Z" finished-at="2015-09-30T18:27:16Z">
          <reporter-output>
          </reporter-output>
        </test-method> <!-- deinit -->
      </class> <!-- com.demo.testng.CustomTestNG -->
    </test> <!-- Test_Chrome -->
  </suite> <!-- Suite_Chrome -->
  <suite name="Suite_IE" duration-ms="17" started-at="2015-10-01T01:27:16Z" finished-at="2015-10-01T01:27:16Z">
    <groups>
    </groups>
    <test name="Test_IE" duration-ms="17" started-at="2015-10-01T01:27:16Z" finished-at="2015-10-01T01:27:16Z">
      <class name="com.demo.testng.CustomTestNG">
        <test-method status="PASS" signature="init()[pri:0, instance:com.demo.testng.CustomTestNG@1f567ee3]" name="init" is-config="true" duration-ms="5" started-at="2015-09-30T18:27:16Z" finished-at="2015-09-30T18:27:16Z">
          <reporter-output>
          </reporter-output>
        </test-method> <!-- init -->
        <test-method status="PASS" signature="dummyTest()[pri:0, instance:com.demo.testng.CustomTestNG@1348633]" name="dummyTest" duration-ms="1" started-at="2015-09-30T18:27:16Z" finished-at="2015-09-30T18:27:16Z">
          <reporter-output>
          </reporter-output>
        </test-method> <!-- dummyTest -->
        <test-method status="PASS" signature="deinit()[pri:0, instance:com.demo.testng.CustomTestNG@1f567ee3]" name="deinit" is-config="true" duration-ms="0" started-at="2015-09-30T18:27:16Z" finished-at="2015-09-30T18:27:16Z">
          <reporter-output>
          </reporter-output>
        </test-method> <!-- deinit -->
        <test-method status="PASS" signature="init()[pri:0, instance:com.demo.testng.CustomTestNG@1f567ee3]" name="init" is-config="true" duration-ms="1" started-at="2015-09-30T18:27:16Z" finished-at="2015-09-30T18:27:16Z">
          <reporter-output>
          </reporter-output>
        </test-method> <!-- init -->
        <test-method status="FAIL" signature="dummyTest()[pri:0, instance:com.demo.testng.CustomTestNG@1f567ee3]" name="dummyTest" duration-ms="0" started-at="2015-09-30T18:27:16Z" finished-at="2015-09-30T18:27:16Z">
          <exception class="java.lang.NullPointerException">
            <full-stacktrace>
              <![CDATA[java.lang.NullPointerException
	at com.demo.testng.CustomTestNG.dummyTest(CustomTestNG.java:41)
	at sun.reflect.NativeMethodAccessorImpl.invoke0(Native Method)
	at sun.reflect.NativeMethodAccessorImpl.invoke(NativeMethodAccessorImpl.java:57)
	at sun.reflect.DelegatingMethodAccessorImpl.invoke(DelegatingMethodAccessorImpl.java:43)
	at java.lang.reflect.Method.invoke(Method.java:606)
	at org.testng.internal.MethodInvocationHelper.invokeMethod(MethodInvocationHelper.java:84)
	at org.testng.internal.Invoker.invokeMethod(Invoker.java:714)
	at org.testng.internal.Invoker.invokeTestMethod(Invoker.java:901)
	at org.testng.internal.Invoker.invokeTestMethods(Invoker.java:1231)
	at org.testng.internal.TestMethodWorker.invokeTestMethods(TestMethodWorker.java:127)
	at org.testng.internal.TestMethodWorker.run(TestMethodWorker.java:111)
	at org.testng.TestRunner.privateRun(TestRunner.java:767)
	at org.testng.TestRunner.run(TestRunner.java:617)
	at org.testng.SuiteRunner.runTest(SuiteRunner.java:348)
	at org.testng.SuiteRunner.runSequentially(SuiteRunner.java:343)
	at org.testng.SuiteRunner.privateRun(SuiteRunner.java:305)
	at org.testng.SuiteRunner.run(SuiteRunner.java:254)
	at org.testng.SuiteRunnerWorker.runSuite(SuiteRunnerWorker.java:52)
	at org.testng.SuiteRunnerWorker.run(SuiteRunnerWorker.java:86)
	at java.util.concurrent.ThreadPoolExecutor.runWorker(ThreadPoolExecutor.java:1145)
	at java.util.concurrent.ThreadPoolExecutor$Worker.run(ThreadPoolExecutor.java:615)
	at java.lang.Thread.run(Thread.java:744)
]]>
            </full-stacktrace>
          </exception> <!-- java.lang.NullPointerException -->
          <reporter-output>
          </reporter-output>
        </test-method> <!-- dummyTest -->
        <test-method status="PASS" signature="init()[pri:0, instance:com.demo.testng.CustomTestNG@1f567ee3]" name="init" is-config="true" duration-ms="0" started-at="2015-09-30T18:27:16Z" finished-at="2015-09-30T18:27:16Z">
          <reporter-output>
          </reporter-output>
        </test-method> <!-- init -->
        <test-method status="PASS" signature="deinit()[pri:0, instance:com.demo.testng.CustomTestNG@1f567ee3]" name="deinit" is-config="true" duration-ms="0" started-at="2015-09-30T18:27:16Z" finished-at="2015-09-30T18:27:16Z">
          <reporter-output>
          </reporter-output>
        </test-method> <!-- deinit -->
        <test-method status="PASS" signature="deinit()[pri:0, instance:com.demo.testng.CustomTestNG@1f567ee3]" name="deinit" is-config="true" duration-ms="0" started-at="2015-09-30T18:27:16Z" finished-at="2015-09-30T18:27:16Z">
          <reporter-output>
          </reporter-output>
        </test-method> <!-- deinit -->
        <test-method status="PASS" signature="init()[pri:0, instance:com.demo.testng.CustomTestNG@1f567ee3]" name="init" is-config="true" duration-ms="1" started-at="2015-09-30T18:27:16Z" finished-at="2015-09-30T18:27:16Z">
          <reporter-output>
          </reporter-output>
        </test-method> <!-- init -->
        <test-method status="PASS" signature="dummyTest()[pri:0, instance:com.demo.testng.CustomTestNG@34ee1826]" name="dummyTest" duration-ms="0" started-at="2015-09-30T18:27:16Z" finished-at="2015-09-30T18:27:16Z">
          <reporter-output>
          </reporter-output>
        </test-method> <!-- dummyTest -->
        <test-method status="PASS" signature="dummyTest()[pri:0, instance:com.demo.testng.CustomTestNG@5c57b13a]" name="dummyTest" duration-ms="0" started-at="2015-09-30T18:27:16Z" finished-at="2015-09-30T18:27:16Z">
          <reporter-output>
          </reporter-output>
        </test-method> <!-- dummyTest -->
        <test-method status="PASS" signature="deinit()[pri:0, instance:com.demo.testng.CustomTestNG@1f567ee3]" name="deinit" is-config="true" duration-ms="0" started-at="2015-09-30T18:27:16Z" finished-at="2015-09-30T18:27:16Z">
          <reporter-output>
          </reporter-output>
        </test-method> <!-- deinit -->
        <test-method status="PASS" signature="init()[pri:0, instance:com.demo.testng.CustomTestNG@1f567ee3]" name="init" is-config="true" duration-ms="1" started-at="2015-09-30T18:27:16Z" finished-at="2015-09-30T18:27:16Z">
          <reporter-output>
          </reporter-output>
        </test-method> <!-- init -->
        <test-method status="PASS" signature="dummyTest()[pri:0, instance:com.demo.testng.CustomTestNG@7b7381ef]" name="dummyTest" duration-ms="0" started-at="2015-09-30T18:27:16Z" finished-at="2015-09-30T18:27:16Z">
          <reporter-output>
          </reporter-output>
        </test-method> <!-- dummyTest -->
        <test-method status="PASS" signature="deinit()[pri:0, instance:com.demo.testng.CustomTestNG@1f567ee3]" name="deinit" is-config="true" duration-ms="1" started-at="2015-09-30T18:27:16Z" finished-at="2015-09-30T18:27:16Z">
          <reporter-output>
          </reporter-output>
        </test-method> <!-- deinit -->
      </class> <!-- com.demo.testng.CustomTestNG -->
    </test> <!-- Test_IE -->
  </suite> <!-- Suite_IE -->
</testng-results>
