<?xml version="1.0" encoding="UTF-8"?>
<!-- Generated by org.testng.reporters.JUnitXMLReporter -->
<testsuite hostname="SUDARSHAN" name="Command line test c699104e-3e7a-4f69-846b-13c10a99af81" tests="2" failures="0" timestamp="30 Sep 2015 23:30:58 GMT" time="0.018" errors="0">
  <testcase name="dummyTest" time="0.001" classname="com.demo.testng.CustomTestNG"/>
  <testcase name="dummyTest" time="0.0" classname="com.demo.testng.CustomTestNG"/>
</testsuite> <!-- Command line test c699104e-3e7a-4f69-846b-13c10a99af81 -->
